mode: set
github.com/wavefronthq/go-metrics-wavefront/api.go:38.62,40.2 1 0
github.com/wavefronthq/go-metrics-wavefront/api.go:42.97,43.38 1 0
github.com/wavefronthq/go-metrics-wavefront/api.go:47.2,51.16 5 0
github.com/wavefronthq/go-metrics-wavefront/api.go:55.2,60.16 5 0
github.com/wavefronthq/go-metrics-wavefront/api.go:63.2,65.18 3 0
github.com/wavefronthq/go-metrics-wavefront/api.go:43.38,45.3 1 0
github.com/wavefronthq/go-metrics-wavefront/api.go:51.16,53.3 1 0
github.com/wavefronthq/go-metrics-wavefront/api.go:60.16,62.3 1 0
github.com/wavefronthq/go-metrics-wavefront/api.go:68.48,70.2 1 0
github.com/wavefronthq/go-metrics-wavefront/delta.go:20.43,21.26 1 1
github.com/wavefronthq/go-metrics-wavefront/delta.go:24.2,24.27 1 1
github.com/wavefronthq/go-metrics-wavefront/delta.go:21.26,23.3 1 0
github.com/wavefronthq/go-metrics-wavefront/delta.go:27.39,29.2 1 1
github.com/wavefronthq/go-metrics-wavefront/delta.go:31.99,34.42 2 1
github.com/wavefronthq/go-metrics-wavefront/delta.go:39.2,43.13 3 1
github.com/wavefronthq/go-metrics-wavefront/delta.go:46.2,46.98 1 0
github.com/wavefronthq/go-metrics-wavefront/delta.go:34.42,36.3 1 1
github.com/wavefronthq/go-metrics-wavefront/delta.go:36.3,36.52 1 0
github.com/wavefronthq/go-metrics-wavefront/delta.go:36.52,38.3 1 0
github.com/wavefronthq/go-metrics-wavefront/delta.go:43.13,45.3 1 1
github.com/wavefronthq/go-metrics-wavefront/direct.go:18.115,22.20 3 0
github.com/wavefronthq/go-metrics-wavefront/direct.go:25.2,26.47 2 0
github.com/wavefronthq/go-metrics-wavefront/direct.go:22.20,24.3 1 0
github.com/wavefronthq/go-metrics-wavefront/direct.go:29.62,33.20 3 0
github.com/wavefronthq/go-metrics-wavefront/direct.go:36.2,36.55 1 0
github.com/wavefronthq/go-metrics-wavefront/direct.go:48.2,48.21 1 0
github.com/wavefronthq/go-metrics-wavefront/direct.go:54.2,54.15 1 0
github.com/wavefronthq/go-metrics-wavefront/direct.go:33.20,35.3 1 0
github.com/wavefronthq/go-metrics-wavefront/direct.go:36.55,38.31 2 0
github.com/wavefronthq/go-metrics-wavefront/direct.go:38.31,41.18 2 0
github.com/wavefronthq/go-metrics-wavefront/direct.go:44.4,44.16 1 0
github.com/wavefronthq/go-metrics-wavefront/direct.go:41.18,43.5 1 0
github.com/wavefronthq/go-metrics-wavefront/direct.go:48.21,50.17 2 0
github.com/wavefronthq/go-metrics-wavefront/direct.go:50.17,52.4 1 0
github.com/wavefronthq/go-metrics-wavefront/direct.go:57.61,60.16 3 0
github.com/wavefronthq/go-metrics-wavefront/direct.go:63.2,63.28 1 0
github.com/wavefronthq/go-metrics-wavefront/direct.go:66.2,66.12 1 0
github.com/wavefronthq/go-metrics-wavefront/direct.go:60.16,62.3 1 0
github.com/wavefronthq/go-metrics-wavefront/direct.go:63.28,65.3 1 0
github.com/wavefronthq/go-metrics-wavefront/direct.go:69.92,73.28 3 1
github.com/wavefronthq/go-metrics-wavefront/direct.go:87.2,87.15 1 0
github.com/wavefronthq/go-metrics-wavefront/direct.go:74.23,75.63 1 1
github.com/wavefronthq/go-metrics-wavefront/direct.go:76.21,77.61 1 0
github.com/wavefronthq/go-metrics-wavefront/direct.go:78.28,79.68 1 0
github.com/wavefronthq/go-metrics-wavefront/direct.go:80.25,81.65 1 0
github.com/wavefronthq/go-metrics-wavefront/direct.go:82.21,83.65 1 0
github.com/wavefronthq/go-metrics-wavefront/direct.go:84.21,85.65 1 0
github.com/wavefronthq/go-metrics-wavefront/direct.go:90.91,91.26 1 1
github.com/wavefronthq/go-metrics-wavefront/direct.go:94.2,94.80 1 1
github.com/wavefronthq/go-metrics-wavefront/direct.go:91.26,93.3 1 0
github.com/wavefronthq/go-metrics-wavefront/direct.go:97.87,99.2 1 1
github.com/wavefronthq/go-metrics-wavefront/direct.go:101.101,103.2 1 1
github.com/wavefronthq/go-metrics-wavefront/direct.go:105.94,115.42 10 1
github.com/wavefronthq/go-metrics-wavefront/direct.go:119.2,119.15 1 1
github.com/wavefronthq/go-metrics-wavefront/direct.go:115.42,118.3 2 1
github.com/wavefronthq/go-metrics-wavefront/direct.go:122.90,131.2 8 1
github.com/wavefronthq/go-metrics-wavefront/direct.go:133.90,144.42 11 1
github.com/wavefronthq/go-metrics-wavefront/direct.go:148.2,152.15 5 1
github.com/wavefronthq/go-metrics-wavefront/direct.go:144.42,147.3 2 1
github.com/wavefronthq/go-metrics-wavefront/proxy.go:13.61,16.16 3 0
github.com/wavefronthq/go-metrics-wavefront/proxy.go:19.2,21.20 3 0
github.com/wavefronthq/go-metrics-wavefront/proxy.go:24.2,24.55 1 0
github.com/wavefronthq/go-metrics-wavefront/proxy.go:27.2,27.12 1 0
github.com/wavefronthq/go-metrics-wavefront/proxy.go:16.16,18.3 1 0
github.com/wavefronthq/go-metrics-wavefront/proxy.go:21.20,23.3 1 0
github.com/wavefronthq/go-metrics-wavefront/proxy.go:24.55,26.3 1 0
github.com/wavefronthq/go-metrics-wavefront/proxy.go:31.114,34.16 3 0
github.com/wavefronthq/go-metrics-wavefront/proxy.go:37.2,41.20 4 0
github.com/wavefronthq/go-metrics-wavefront/proxy.go:44.2,45.12 2 0
github.com/wavefronthq/go-metrics-wavefront/proxy.go:34.16,36.3 1 0
github.com/wavefronthq/go-metrics-wavefront/proxy.go:41.20,43.3 1 0
github.com/wavefronthq/go-metrics-wavefront/proxy.go:48.100,52.28 3 0
github.com/wavefronthq/go-metrics-wavefront/proxy.go:66.2,66.11 1 0
github.com/wavefronthq/go-metrics-wavefront/proxy.go:53.23,54.47 1 0
github.com/wavefronthq/go-metrics-wavefront/proxy.go:55.21,56.45 1 0
github.com/wavefronthq/go-metrics-wavefront/proxy.go:57.28,58.52 1 0
github.com/wavefronthq/go-metrics-wavefront/proxy.go:59.25,60.49 1 0
github.com/wavefronthq/go-metrics-wavefront/proxy.go:61.21,62.45 1 0
github.com/wavefronthq/go-metrics-wavefront/proxy.go:63.21,64.45 1 0
github.com/wavefronthq/go-metrics-wavefront/proxy.go:69.111,70.26 1 0
github.com/wavefronthq/go-metrics-wavefront/proxy.go:70.26,72.3 1 0
github.com/wavefronthq/go-metrics-wavefront/proxy.go:72.3,74.3 1 0
github.com/wavefronthq/go-metrics-wavefront/proxy.go:77.107,79.2 1 0
github.com/wavefronthq/go-metrics-wavefront/proxy.go:81.121,83.2 1 0
github.com/wavefronthq/go-metrics-wavefront/proxy.go:85.115,93.42 8 0
github.com/wavefronthq/go-metrics-wavefront/proxy.go:93.42,96.3 2 0
github.com/wavefronthq/go-metrics-wavefront/proxy.go:99.107,106.2 6 0
github.com/wavefronthq/go-metrics-wavefront/proxy.go:108.107,117.42 9 0
github.com/wavefronthq/go-metrics-wavefront/proxy.go:121.2,124.89 4 0
github.com/wavefronthq/go-metrics-wavefront/proxy.go:117.42,120.3 2 0
github.com/wavefronthq/go-metrics-wavefront/wavefront.go:22.77,25.2 2 0
github.com/wavefronthq/go-metrics-wavefront/wavefront.go:28.64,31.2 2 0
github.com/wavefronthq/go-metrics-wavefront/wavefront.go:34.90,37.2 2 0
github.com/wavefronthq/go-metrics-wavefront/wavefront.go:40.60,43.2 2 0
github.com/wavefronthq/go-metrics-wavefront/wavefront.go:46.59,50.25 3 1
github.com/wavefronthq/go-metrics-wavefront/wavefront.go:54.2,56.28 3 1
github.com/wavefronthq/go-metrics-wavefront/wavefront.go:59.2,61.12 3 1
github.com/wavefronthq/go-metrics-wavefront/wavefront.go:50.25,53.3 2 1
github.com/wavefronthq/go-metrics-wavefront/wavefront.go:56.28,58.3 1 1
github.com/wavefronthq/go-metrics-wavefront/wavefront.go:65.45,66.41 1 1
github.com/wavefronthq/go-metrics-wavefront/wavefront.go:69.2,73.21 5 1
github.com/wavefronthq/go-metrics-wavefront/wavefront.go:66.41,68.3 1 0
github.com/wavefronthq/go-metrics-wavefront/wavefront.go:76.55,78.29 2 1
github.com/wavefronthq/go-metrics-wavefront/wavefront.go:81.2,81.14 1 1
github.com/wavefronthq/go-metrics-wavefront/wavefront.go:78.29,80.3 1 0
github.com/wavefronthq/go-metrics-wavefront/wavefront.go:98.120,99.17 1 0
github.com/wavefronthq/go-metrics-wavefront/wavefront.go:102.2,111.12 2 0
github.com/wavefronthq/go-metrics-wavefront/wavefront.go:99.17,101.3 1 0
github.com/wavefronthq/go-metrics-wavefront/wavefront.go:115.117,116.33 1 0
github.com/wavefronthq/go-metrics-wavefront/wavefront.go:119.2,119.55 1 0
github.com/wavefronthq/go-metrics-wavefront/wavefront.go:123.2,132.12 2 0
github.com/wavefronthq/go-metrics-wavefront/wavefront.go:116.33,118.3 1 0
github.com/wavefronthq/go-metrics-wavefront/wavefront.go:119.55,121.3 1 0
github.com/wavefronthq/go-metrics-wavefront/wavefront.go:137.109,138.63 1 0
github.com/wavefronthq/go-metrics-wavefront/wavefront.go:138.63,140.3 1 0
github.com/wavefronthq/go-metrics-wavefront/wavefront.go:144.45,145.43 1 0
github.com/wavefronthq/go-metrics-wavefront/wavefront.go:145.43,146.57 1 0
github.com/wavefronthq/go-metrics-wavefront/wavefront.go:146.57,148.4 1 0
github.com/wavefronthq/go-metrics-wavefront/wavefront.go:155.45,157.2 1 0
github.com/wavefronthq/go-metrics-wavefront/wavefront.go:163.111,165.19 1 0
github.com/wavefronthq/go-metrics-wavefront/wavefront.go:168.2,168.29 1 0
github.com/wavefronthq/go-metrics-wavefront/wavefront.go:171.2,171.20 1 0
github.com/wavefronthq/go-metrics-wavefront/wavefront.go:165.19,167.3 1 0
github.com/wavefronthq/go-metrics-wavefront/wavefront.go:168.29,170.3 1 0
github.com/wavefronthq/go-metrics-wavefront/wavefront.go:174.60,176.19 1 0
github.com/wavefronthq/go-metrics-wavefront/wavefront.go:179.2,179.29 1 0
github.com/wavefronthq/go-metrics-wavefront/wavefront.go:182.2,182.20 1 0
github.com/wavefronthq/go-metrics-wavefront/wavefront.go:176.19,178.3 1 0
github.com/wavefronthq/go-metrics-wavefront/wavefront.go:179.29,181.3 1 0
